{"C:\\Users\\Srideep Maulik\\Documents\\meadowlark\\lib\\fortune.js": {"path":"C:\\Users\\Srideep Maulik\\Documents\\meadowlark\\lib\\fortune.js","statementMap":{"0":{"start":{"line":2,"column":23},"end":{"line":8,"column":1}},"1":{"start":{"line":10,"column":0},"end":{"line":13,"column":1}},"2":{"start":{"line":11,"column":16},"end":{"line":11,"column":65}},"3":{"start":{"line":12,"column":4},"end":{"line":12,"column":30}}},"fnMap":{"0":{"name":"(anonymous_0)","decl":{"start":{"line":10,"column":21},"end":{"line":10,"column":22}},"loc":{"start":{"line":10,"column":27},"end":{"line":13,"column":1}},"line":10}},"branchMap":{},"s":{"0":1,"1":1,"2":1,"3":1},"f":{"0":1},"b":{},"_coverageSchema":"1a1c01bbd47fc00a2c39e90264f33305004495a9","hash":"0367f4747bcdba72ecd75796ed891a1e01c568ee"}
,"C:\\Users\\Srideep Maulik\\Documents\\meadowlark\\lib\\handlers.js": {"path":"C:\\Users\\Srideep Maulik\\Documents\\meadowlark\\lib\\handlers.js","statementMap":{"0":{"start":{"line":1,"column":16},"end":{"line":1,"column":36}},"1":{"start":{"line":3,"column":0},"end":{"line":3,"column":47}},"2":{"start":{"line":3,"column":29},"end":{"line":3,"column":47}},"3":{"start":{"line":5,"column":0},"end":{"line":5,"column":84}},"4":{"start":{"line":5,"column":30},"end":{"line":5,"column":84}},"5":{"start":{"line":7,"column":0},"end":{"line":7,"column":50}},"6":{"start":{"line":7,"column":33},"end":{"line":7,"column":50}},"7":{"start":{"line":8,"column":0},"end":{"line":8,"column":64}},"8":{"start":{"line":8,"column":47},"end":{"line":8,"column":64}}},"fnMap":{"0":{"name":"(anonymous_0)","decl":{"start":{"line":3,"column":15},"end":{"line":3,"column":16}},"loc":{"start":{"line":3,"column":29},"end":{"line":3,"column":47}},"line":3},"1":{"name":"(anonymous_1)","decl":{"start":{"line":5,"column":16},"end":{"line":5,"column":17}},"loc":{"start":{"line":5,"column":30},"end":{"line":5,"column":84}},"line":5},"2":{"name":"(anonymous_2)","decl":{"start":{"line":7,"column":19},"end":{"line":7,"column":20}},"loc":{"start":{"line":7,"column":33},"end":{"line":7,"column":50}},"line":7},"3":{"name":"(anonymous_3)","decl":{"start":{"line":8,"column":22},"end":{"line":8,"column":23}},"loc":{"start":{"line":8,"column":47},"end":{"line":8,"column":64}},"line":8}},"branchMap":{},"s":{"0":1,"1":1,"2":1,"3":1,"4":1,"5":1,"6":1,"7":1,"8":1},"f":{"0":1,"1":1,"2":1,"3":1},"b":{},"_coverageSchema":"1a1c01bbd47fc00a2c39e90264f33305004495a9","hash":"2c6820ea5d694e653ea1aa981dd495e2e9b4f745"}
}
